
The following files have been resolved:
   org.eclipse.jetty.websocket:websocket-client:jar:9.4.9.v20180320:compile
   org.apache.commons:commons-text:jar:1.3:compile
   net.sourceforge.htmlunit:htmlunit-core-js:jar:2.28:compile
   net.sourceforge.htmlunit:neko-htmlunit:jar:2.30:compile
   org.apache.httpcomponents:httpclient:jar:4.5.5:compile
   org.apache.commons:commons-lang3:jar:3.7:compile
   org.eclipse.jetty.websocket:websocket-common:jar:9.4.9.v20180320:compile
   commons-io:commons-io:jar:2.6:compile
   xerces:xercesImpl:jar:2.11.0:compile
   xml-apis:xml-apis:jar:1.4.01:compile
   commons-codec:commons-codec:jar:1.10:compile
   org.eclipse.jetty:jetty-xml:jar:9.4.9.v20180320:compile
   net.sourceforge.htmlunit:htmlunit:jar:2.30:compile
   xalan:serializer:jar:2.7.2:compile
   commons-logging:commons-logging:jar:1.2:compile
   org.eclipse.jetty:jetty-util:jar:9.4.9.v20180320:compile
   org.eclipse.jetty:jetty-io:jar:9.4.9.v20180320:compile
   xalan:xalan:jar:2.7.2:compile
   org.eclipse.jetty:jetty-client:jar:9.4.9.v20180320:compile
   org.apache.httpcomponents:httpcore:jar:4.4.9:compile
   org.eclipse.jetty:jetty-http:jar:9.4.9.v20180320:compile
   org.apache.httpcomponents:httpmime:jar:4.5.5:compile
   org.eclipse.jetty.websocket:websocket-api:jar:9.4.9.v20180320:compile
   net.sourceforge.htmlunit:htmlunit-cssparser:jar:1.0.0:compile
   commons-net:commons-net:jar:3.6:compile

